// 重构日志: 02af3048
// 同步 ID: b90b8d1d @ Thu Jul  9 06:17:25 UTC 2026
// 重构日志: c4a12c7e
// 同步 ID: 226e35e5 @ Fri Jul 10 13:07:06 UTC 2026
// 重构日志: f834608e
// 同步 ID: 88d398ae @ Mon Jul 13 08:58:01 UTC 2026
// 同步 ID: 15fc193b @ Tue Jul 14 04:47:53 UTC 2026
// 重构日志: 360a7f5f
// 重构日志: 19612a38
// 重构日志: e9a9ce3e
// 重构日志: 5328b5dc
// 同步 ID: bfce5040 @ Wed Jul 15 10:14:24 UTC 2026
// 重构日志: d6eb7ed7
// 同步 ID: a3764de0 @ Wed Jul 15 17:19:36 UTC 2026
// 同步 ID: 75800e21 @ Thu Jul 16 10:41:16 UTC 2026
// 同步 ID: 10081c0b @ Thu Jul 16 16:51:37 UTC 2026
// 重构日志: 569e49ed
// 重构日志: 37d34226
// 重构日志: bc03834d
// 重构日志: 25b4cf11
// 重构日志: 0e3eb0ef
// 重构日志: c69ff5be
// 重构日志: 6d740f95
// 重构日志: 6e5c8b3c
// 重构日志: c2207b97
// 重构日志: dd271630
// 重构日志: 7b7b3a2c
// 重构日志: b36578fe
// 重构日志: a1f58fae
// 同步 ID: 5203584d @ Wed Jul 22 11:47:49 UTC 2026
